0 info it worked if it ends with ok
1 verbose cli [ 'C:\\Program Files\\nodejs\\node.exe',
1 verbose cli   'C:\\Program Files\\nodejs\\node_modules\\npm\\bin\\npm-cli.js',
1 verbose cli   'run',
1 verbose cli   'deploy',
1 verbose cli   '--',
1 verbose cli   '--target=projects' ]
2 info using npm@2.15.9
3 info using node@v4.6.1
4 verbose stack Error: missing script: deploy
4 verbose stack     at run (C:\Users\LuisDomingos\AppData\Roaming\nvm\v4.6.1\node_modules\npm\lib\run-script.js:142:19)
4 verbose stack     at C:\Users\LuisDomingos\AppData\Roaming\nvm\v4.6.1\node_modules\npm\lib\run-script.js:58:5
4 verbose stack     at C:\Users\LuisDomingos\AppData\Roaming\nvm\v4.6.1\node_modules\npm\node_modules\read-package-json\read-json.js:356:5
4 verbose stack     at checkBinReferences_ (C:\Users\LuisDomingos\AppData\Roaming\nvm\v4.6.1\node_modules\npm\node_modules\read-package-json\read-json.js:320:45)
4 verbose stack     at final (C:\Users\LuisDomingos\AppData\Roaming\nvm\v4.6.1\node_modules\npm\node_modules\read-package-json\read-json.js:354:3)
4 verbose stack     at then (C:\Users\LuisDomingos\AppData\Roaming\nvm\v4.6.1\node_modules\npm\node_modules\read-package-json\read-json.js:124:5)
4 verbose stack     at C:\Users\LuisDomingos\AppData\Roaming\nvm\v4.6.1\node_modules\npm\node_modules\read-package-json\read-json.js:311:12
4 verbose stack     at C:\Users\LuisDomingos\AppData\Roaming\nvm\v4.6.1\node_modules\npm\node_modules\graceful-fs\graceful-fs.js:78:16
4 verbose stack     at FSReqWrap.readFileAfterClose [as oncomplete] (fs.js:380:3)
5 verbose cwd C:\Users\LuisDomingos\Documents\reactnd-myreads
6 error Windows_NT 10.0.16299
7 error argv "C:\\Program Files\\nodejs\\node.exe" "C:\\Program Files\\nodejs\\node_modules\\npm\\bin\\npm-cli.js" "run" "deploy" "--" "--target=projects"
8 error node v4.6.1
9 error npm  v2.15.9
10 error missing script: deploy
11 error If you need help, you may report this error at:
11 error     <https://github.com/npm/npm/issues>
12 verbose exit [ 1, true ]
